<?xml version="1.0" encoding="UTF-8"?>
<testsuite xmlns:xsi="http://www.w3.org/2001/XMLSchema-instance" xsi:noNamespaceSchemaLocation="https://maven.apache.org/surefire/maven-surefire-plugin/xsd/surefire-test-report.xsd" name="features.login.PositiveLoginTest" time="25.734" tests="2" errors="1" skipped="0" failures="1">
  <properties>
    <property name="sun.desktop" value="windows"/>
    <property name="awt.toolkit" value="sun.awt.windows.WToolkit"/>
    <property name="file.encoding.pkg" value="sun.io"/>
    <property name="java.specification.version" value="1.8"/>
    <property name="sun.cpu.isalist" value="amd64"/>
    <property name="sun.jnu.encoding" value="Cp1251"/>
    <property name="java.class.path" value="C:\Users\ВАИПУ\IdeaProjects\lesson 7\target\test-classes;C:\Users\ВАИПУ\IdeaProjects\lesson 7\target\classes;C:\Users\ВАИПУ\.m2\repository\org\seleniumhq\selenium\selenium-java\3.141.59\selenium-java-3.141.59.jar;C:\Users\ВАИПУ\.m2\repository\org\seleniumhq\selenium\selenium-api\3.141.59\selenium-api-3.141.59.jar;C:\Users\ВАИПУ\.m2\repository\org\seleniumhq\selenium\selenium-chrome-driver\3.141.59\selenium-chrome-driver-3.141.59.jar;C:\Users\ВАИПУ\.m2\repository\org\seleniumhq\selenium\selenium-edge-driver\3.141.59\selenium-edge-driver-3.141.59.jar;C:\Users\ВАИПУ\.m2\repository\org\seleniumhq\selenium\selenium-firefox-driver\3.141.59\selenium-firefox-driver-3.141.59.jar;C:\Users\ВАИПУ\.m2\repository\org\seleniumhq\selenium\selenium-ie-driver\3.141.59\selenium-ie-driver-3.141.59.jar;C:\Users\ВАИПУ\.m2\repository\org\seleniumhq\selenium\selenium-opera-driver\3.141.59\selenium-opera-driver-3.141.59.jar;C:\Users\ВАИПУ\.m2\repository\org\seleniumhq\selenium\selenium-remote-driver\3.141.59\selenium-remote-driver-3.141.59.jar;C:\Users\ВАИПУ\.m2\repository\org\seleniumhq\selenium\selenium-safari-driver\3.141.59\selenium-safari-driver-3.141.59.jar;C:\Users\ВАИПУ\.m2\repository\org\seleniumhq\selenium\selenium-support\3.141.59\selenium-support-3.141.59.jar;C:\Users\ВАИПУ\.m2\repository\net\bytebuddy\byte-buddy\1.8.15\byte-buddy-1.8.15.jar;C:\Users\ВАИПУ\.m2\repository\org\apache\commons\commons-exec\1.3\commons-exec-1.3.jar;C:\Users\ВАИПУ\.m2\repository\com\google\guava\guava\25.0-jre\guava-25.0-jre.jar;C:\Users\ВАИПУ\.m2\repository\com\google\code\findbugs\jsr305\1.3.9\jsr305-1.3.9.jar;C:\Users\ВАИПУ\.m2\repository\org\checkerframework\checker-compat-qual\2.0.0\checker-compat-qual-2.0.0.jar;C:\Users\ВАИПУ\.m2\repository\com\google\errorprone\error_prone_annotations\2.1.3\error_prone_annotations-2.1.3.jar;C:\Users\ВАИПУ\.m2\repository\com\google\j2objc\j2objc-annotations\1.1\j2objc-annotations-1.1.jar;C:\Users\ВАИПУ\.m2\repository\org\codehaus\mojo\animal-sniffer-annotations\1.14\animal-sniffer-annotations-1.14.jar;C:\Users\ВАИПУ\.m2\repository\com\squareup\okhttp3\okhttp\3.11.0\okhttp-3.11.0.jar;C:\Users\ВАИПУ\.m2\repository\com\squareup\okio\okio\1.14.0\okio-1.14.0.jar;C:\Users\ВАИПУ\.m2\repository\io\github\bonigarcia\webdrivermanager\4.4.3\webdrivermanager-4.4.3.jar;C:\Users\ВАИПУ\.m2\repository\org\slf4j\slf4j-api\1.7.30\slf4j-api-1.7.30.jar;C:\Users\ВАИПУ\.m2\repository\commons-io\commons-io\2.8.0\commons-io-2.8.0.jar;C:\Users\ВАИПУ\.m2\repository\com\google\code\gson\gson\2.8.6\gson-2.8.6.jar;C:\Users\ВАИПУ\.m2\repository\org\apache\commons\commons-lang3\3.12.0\commons-lang3-3.12.0.jar;C:\Users\ВАИПУ\.m2\repository\org\apache\httpcomponents\client5\httpclient5\5.0.3\httpclient5-5.0.3.jar;C:\Users\ВАИПУ\.m2\repository\org\apache\httpcomponents\core5\httpcore5\5.0.2\httpcore5-5.0.2.jar;C:\Users\ВАИПУ\.m2\repository\org\apache\httpcomponents\core5\httpcore5-h2\5.0.2\httpcore5-h2-5.0.2.jar;C:\Users\ВАИПУ\.m2\repository\commons-codec\commons-codec\1.13\commons-codec-1.13.jar;C:\Users\ВАИПУ\.m2\repository\org\rauschig\jarchivelib\1.1.0\jarchivelib-1.1.0.jar;C:\Users\ВАИПУ\.m2\repository\org\apache\commons\commons-compress\1.20\commons-compress-1.20.jar;C:\Users\ВАИПУ\.m2\repository\org\jsoup\jsoup\1.13.1\jsoup-1.13.1.jar;C:\Users\ВАИПУ\.m2\repository\org\junit\jupiter\junit-jupiter-engine\5.7.2\junit-jupiter-engine-5.7.2.jar;C:\Users\ВАИПУ\.m2\repository\org\apiguardian\apiguardian-api\1.1.0\apiguardian-api-1.1.0.jar;C:\Users\ВАИПУ\.m2\repository\org\junit\platform\junit-platform-engine\1.7.2\junit-platform-engine-1.7.2.jar;C:\Users\ВАИПУ\.m2\repository\org\opentest4j\opentest4j\1.2.0\opentest4j-1.2.0.jar;C:\Users\ВАИПУ\.m2\repository\org\junit\platform\junit-platform-commons\1.7.2\junit-platform-commons-1.7.2.jar;C:\Users\ВАИПУ\.m2\repository\org\junit\jupiter\junit-jupiter-api\5.7.2\junit-jupiter-api-5.7.2.jar;C:\Users\ВАИПУ\.m2\repository\org\hamcrest\hamcrest\2.2\hamcrest-2.2.jar;C:\Users\ВАИПУ\.m2\repository\org\junit\platform\junit-platform-console-standalone\1.7.2\junit-platform-console-standalone-1.7.2.jar;C:\Users\ВАИПУ\.m2\repository\io\qameta\allure\allure-junit5\2.14.0\allure-junit5-2.14.0.jar;C:\Users\ВАИПУ\.m2\repository\io\qameta\allure\allure-junit-platform\2.14.0\allure-junit-platform-2.14.0.jar;C:\Users\ВАИПУ\.m2\repository\io\qameta\allure\allure-java-commons\2.14.0\allure-java-commons-2.14.0.jar;C:\Users\ВАИПУ\.m2\repository\io\qameta\allure\allure-model\2.14.0\allure-model-2.14.0.jar;C:\Users\ВАИПУ\.m2\repository\com\fasterxml\jackson\core\jackson-databind\2.12.3\jackson-databind-2.12.3.jar;C:\Users\ВАИПУ\.m2\repository\com\fasterxml\jackson\core\jackson-annotations\2.12.3\jackson-annotations-2.12.3.jar;C:\Users\ВАИПУ\.m2\repository\com\fasterxml\jackson\core\jackson-core\2.12.3\jackson-core-2.12.3.jar;C:\Users\ВАИПУ\.m2\repository\org\apache\tika\tika-core\1.26\tika-core-1.26.jar;C:\Users\ВАИПУ\.m2\repository\org\jooq\joor-java-8\0.9.14\joor-java-8-0.9.14.jar;C:\Users\ВАИПУ\.m2\repository\io\qameta\allure\allure-test-filter\2.14.0\allure-test-filter-2.14.0.jar;C:\Users\ВАИПУ\.m2\repository\org\junit\platform\junit-platform-launcher\1.7.2\junit-platform-launcher-1.7.2.jar;C:\Users\ВАИПУ\.m2\repository\org\slf4j\slf4j-simple\1.7.31\slf4j-simple-1.7.31.jar;"/>
    <property name="java.vm.vendor" value="Oracle Corporation"/>
    <property name="sun.arch.data.model" value="64"/>
    <property name="user.variant" value=""/>
    <property name="java.vendor.url" value="http://java.oracle.com/"/>
    <property name="user.timezone" value="Europe/Moscow"/>
    <property name="java.vm.specification.version" value="1.8"/>
    <property name="os.name" value="Windows 10"/>
    <property name="user.country" value="RU"/>
    <property name="sun.java.launcher" value="SUN_STANDARD"/>
    <property name="sun.boot.library.path" value="C:\Program Files\Java\jdk1.8.0_271\jre\bin"/>
    <property name="sun.java.command" value="C:\Users\19FB~1\AppData\Local\Temp\surefire4240867418958783277\surefirebooter4220790534841467088.jar C:\Users\ВАИПУ\AppData\Local\Temp\surefire4240867418958783277 2021-07-20T17-36-08_070-jvmRun1 surefire6311290159969162381tmp surefire_06400657512880046501tmp"/>
    <property name="surefire.test.class.path" value="C:\Users\ВАИПУ\IdeaProjects\lesson 7\target\test-classes;C:\Users\ВАИПУ\IdeaProjects\lesson 7\target\classes;C:\Users\ВАИПУ\.m2\repository\org\seleniumhq\selenium\selenium-java\3.141.59\selenium-java-3.141.59.jar;C:\Users\ВАИПУ\.m2\repository\org\seleniumhq\selenium\selenium-api\3.141.59\selenium-api-3.141.59.jar;C:\Users\ВАИПУ\.m2\repository\org\seleniumhq\selenium\selenium-chrome-driver\3.141.59\selenium-chrome-driver-3.141.59.jar;C:\Users\ВАИПУ\.m2\repository\org\seleniumhq\selenium\selenium-edge-driver\3.141.59\selenium-edge-driver-3.141.59.jar;C:\Users\ВАИПУ\.m2\repository\org\seleniumhq\selenium\selenium-firefox-driver\3.141.59\selenium-firefox-driver-3.141.59.jar;C:\Users\ВАИПУ\.m2\repository\org\seleniumhq\selenium\selenium-ie-driver\3.141.59\selenium-ie-driver-3.141.59.jar;C:\Users\ВАИПУ\.m2\repository\org\seleniumhq\selenium\selenium-opera-driver\3.141.59\selenium-opera-driver-3.141.59.jar;C:\Users\ВАИПУ\.m2\repository\org\seleniumhq\selenium\selenium-remote-driver\3.141.59\selenium-remote-driver-3.141.59.jar;C:\Users\ВАИПУ\.m2\repository\org\seleniumhq\selenium\selenium-safari-driver\3.141.59\selenium-safari-driver-3.141.59.jar;C:\Users\ВАИПУ\.m2\repository\org\seleniumhq\selenium\selenium-support\3.141.59\selenium-support-3.141.59.jar;C:\Users\ВАИПУ\.m2\repository\net\bytebuddy\byte-buddy\1.8.15\byte-buddy-1.8.15.jar;C:\Users\ВАИПУ\.m2\repository\org\apache\commons\commons-exec\1.3\commons-exec-1.3.jar;C:\Users\ВАИПУ\.m2\repository\com\google\guava\guava\25.0-jre\guava-25.0-jre.jar;C:\Users\ВАИПУ\.m2\repository\com\google\code\findbugs\jsr305\1.3.9\jsr305-1.3.9.jar;C:\Users\ВАИПУ\.m2\repository\org\checkerframework\checker-compat-qual\2.0.0\checker-compat-qual-2.0.0.jar;C:\Users\ВАИПУ\.m2\repository\com\google\errorprone\error_prone_annotations\2.1.3\error_prone_annotations-2.1.3.jar;C:\Users\ВАИПУ\.m2\repository\com\google\j2objc\j2objc-annotations\1.1\j2objc-annotations-1.1.jar;C:\Users\ВАИПУ\.m2\repository\org\codehaus\mojo\animal-sniffer-annotations\1.14\animal-sniffer-annotations-1.14.jar;C:\Users\ВАИПУ\.m2\repository\com\squareup\okhttp3\okhttp\3.11.0\okhttp-3.11.0.jar;C:\Users\ВАИПУ\.m2\repository\com\squareup\okio\okio\1.14.0\okio-1.14.0.jar;C:\Users\ВАИПУ\.m2\repository\io\github\bonigarcia\webdrivermanager\4.4.3\webdrivermanager-4.4.3.jar;C:\Users\ВАИПУ\.m2\repository\org\slf4j\slf4j-api\1.7.30\slf4j-api-1.7.30.jar;C:\Users\ВАИПУ\.m2\repository\commons-io\commons-io\2.8.0\commons-io-2.8.0.jar;C:\Users\ВАИПУ\.m2\repository\com\google\code\gson\gson\2.8.6\gson-2.8.6.jar;C:\Users\ВАИПУ\.m2\repository\org\apache\commons\commons-lang3\3.12.0\commons-lang3-3.12.0.jar;C:\Users\ВАИПУ\.m2\repository\org\apache\httpcomponents\client5\httpclient5\5.0.3\httpclient5-5.0.3.jar;C:\Users\ВАИПУ\.m2\repository\org\apache\httpcomponents\core5\httpcore5\5.0.2\httpcore5-5.0.2.jar;C:\Users\ВАИПУ\.m2\repository\org\apache\httpcomponents\core5\httpcore5-h2\5.0.2\httpcore5-h2-5.0.2.jar;C:\Users\ВАИПУ\.m2\repository\commons-codec\commons-codec\1.13\commons-codec-1.13.jar;C:\Users\ВАИПУ\.m2\repository\org\rauschig\jarchivelib\1.1.0\jarchivelib-1.1.0.jar;C:\Users\ВАИПУ\.m2\repository\org\apache\commons\commons-compress\1.20\commons-compress-1.20.jar;C:\Users\ВАИПУ\.m2\repository\org\jsoup\jsoup\1.13.1\jsoup-1.13.1.jar;C:\Users\ВАИПУ\.m2\repository\org\junit\jupiter\junit-jupiter-engine\5.7.2\junit-jupiter-engine-5.7.2.jar;C:\Users\ВАИПУ\.m2\repository\org\apiguardian\apiguardian-api\1.1.0\apiguardian-api-1.1.0.jar;C:\Users\ВАИПУ\.m2\repository\org\junit\platform\junit-platform-engine\1.7.2\junit-platform-engine-1.7.2.jar;C:\Users\ВАИПУ\.m2\repository\org\opentest4j\opentest4j\1.2.0\opentest4j-1.2.0.jar;C:\Users\ВАИПУ\.m2\repository\org\junit\platform\junit-platform-commons\1.7.2\junit-platform-commons-1.7.2.jar;C:\Users\ВАИПУ\.m2\repository\org\junit\jupiter\junit-jupiter-api\5.7.2\junit-jupiter-api-5.7.2.jar;C:\Users\ВАИПУ\.m2\repository\org\hamcrest\hamcrest\2.2\hamcrest-2.2.jar;C:\Users\ВАИПУ\.m2\repository\org\junit\platform\junit-platform-console-standalone\1.7.2\junit-platform-console-standalone-1.7.2.jar;C:\Users\ВАИПУ\.m2\repository\io\qameta\allure\allure-junit5\2.14.0\allure-junit5-2.14.0.jar;C:\Users\ВАИПУ\.m2\repository\io\qameta\allure\allure-junit-platform\2.14.0\allure-junit-platform-2.14.0.jar;C:\Users\ВАИПУ\.m2\repository\io\qameta\allure\allure-java-commons\2.14.0\allure-java-commons-2.14.0.jar;C:\Users\ВАИПУ\.m2\repository\io\qameta\allure\allure-model\2.14.0\allure-model-2.14.0.jar;C:\Users\ВАИПУ\.m2\repository\com\fasterxml\jackson\core\jackson-databind\2.12.3\jackson-databind-2.12.3.jar;C:\Users\ВАИПУ\.m2\repository\com\fasterxml\jackson\core\jackson-annotations\2.12.3\jackson-annotations-2.12.3.jar;C:\Users\ВАИПУ\.m2\repository\com\fasterxml\jackson\core\jackson-core\2.12.3\jackson-core-2.12.3.jar;C:\Users\ВАИПУ\.m2\repository\org\apache\tika\tika-core\1.26\tika-core-1.26.jar;C:\Users\ВАИПУ\.m2\repository\org\jooq\joor-java-8\0.9.14\joor-java-8-0.9.14.jar;C:\Users\ВАИПУ\.m2\repository\io\qameta\allure\allure-test-filter\2.14.0\allure-test-filter-2.14.0.jar;C:\Users\ВАИПУ\.m2\repository\org\junit\platform\junit-platform-launcher\1.7.2\junit-platform-launcher-1.7.2.jar;C:\Users\ВАИПУ\.m2\repository\org\slf4j\slf4j-simple\1.7.31\slf4j-simple-1.7.31.jar;"/>
    <property name="sun.cpu.endian" value="little"/>
    <property name="user.home" value="C:\Users\ВАИПУ"/>
    <property name="user.language" value="ru"/>
    <property name="java.specification.vendor" value="Oracle Corporation"/>
    <property name="java.home" value="C:\Program Files\Java\jdk1.8.0_271\jre"/>
    <property name="basedir" value="C:\Users\ВАИПУ\IdeaProjects\lesson 7"/>
    <property name="file.separator" value="\"/>
    <property name="line.separator" value="&#10;"/>
    <property name="java.vm.specification.vendor" value="Oracle Corporation"/>
    <property name="java.specification.name" value="Java Platform API Specification"/>
    <property name="java.awt.graphicsenv" value="sun.awt.Win32GraphicsEnvironment"/>
    <property name="surefire.real.class.path" value="C:\Users\19FB~1\AppData\Local\Temp\surefire4240867418958783277\surefirebooter4220790534841467088.jar;C:\Users\ВАИПУ\.m2\repository/org/aspectj/aspectjweaver/1.9.6/aspectjweaver-1.9.6.jar"/>
    <property name="sun.boot.class.path" value="C:\Program Files\Java\jdk1.8.0_271\jre\lib\resources.jar;C:\Program Files\Java\jdk1.8.0_271\jre\lib\rt.jar;C:\Program Files\Java\jdk1.8.0_271\jre\lib\sunrsasign.jar;C:\Program Files\Java\jdk1.8.0_271\jre\lib\jsse.jar;C:\Program Files\Java\jdk1.8.0_271\jre\lib\jce.jar;C:\Program Files\Java\jdk1.8.0_271\jre\lib\charsets.jar;C:\Program Files\Java\jdk1.8.0_271\jre\lib\jfr.jar;C:\Program Files\Java\jdk1.8.0_271\jre\classes"/>
    <property name="user.script" value=""/>
    <property name="sun.management.compiler" value="HotSpot 64-Bit Tiered Compilers"/>
    <property name="java.runtime.version" value="1.8.0_271-b09"/>
    <property name="user.name" value="ВАИПУ"/>
    <property name="path.separator" value=";"/>
    <property name="os.version" value="10.0"/>
    <property name="java.endorsed.dirs" value="C:\Program Files\Java\jdk1.8.0_271\jre\lib\endorsed"/>
    <property name="java.runtime.name" value="Java(TM) SE Runtime Environment"/>
    <property name="file.encoding" value="Cp1251"/>
    <property name="java.vm.name" value="Java HotSpot(TM) 64-Bit Server VM"/>
    <property name="localRepository" value="C:\Users\ВАИПУ\.m2\repository"/>
    <property name="java.vendor.url.bug" value="http://bugreport.sun.com/bugreport/"/>
    <property name="java.io.tmpdir" value="C:\Users\19FB~1\AppData\Local\Temp\"/>
    <property name="idea.version" value="2020.3.3"/>
    <property name="java.version" value="1.8.0_271"/>
    <property name="user.dir" value="C:\Users\ВАИПУ\IdeaProjects\lesson 7"/>
    <property name="os.arch" value="amd64"/>
    <property name="java.vm.specification.name" value="Java Virtual Machine Specification"/>
    <property name="java.awt.printerjob" value="sun.awt.windows.WPrinterJob"/>
    <property name="sun.os.patch.level" value=""/>
    <property name="java.library.path" value="C:\Program Files\Java\jdk1.8.0_271\jre\bin;C:\WINDOWS\Sun\Java\bin;C:\WINDOWS\system32;C:\WINDOWS;C:\Program Files (x86)\Common Files\Oracle\Java\javapath;C:\Program Files (x86)\Intel\iCLS Client\;C:\Program Files\Intel\iCLS Client\;C:\Windows\system32;C:\Windows;C:\Windows\System32\Wbem;C:\Windows\System32\WindowsPowerShell\v1.0\;C:\Program Files (x86)\NVIDIA Corporation\PhysX\Common;C:\Program Files (x86)\Intel\Intel(R) Management Engine Components\DAL;C:\Program Files\Intel\Intel(R) Management Engine Components\DAL;C:\Program Files (x86)\Intel\Intel(R) Management Engine Components\IPT;C:\Program Files\Intel\Intel(R) Management Engine Components\IPT;C:\WINDOWS\system32;C:\WINDOWS;C:\WINDOWS\System32\Wbem;C:\WINDOWS\System32\WindowsPowerShell\v1.0\;C:\WINDOWS\System32\OpenSSH\;C:\Program Files\Intel\WiFi\bin\;C:\Program Files\Common Files\Intel\WirelessCommon\;C:\Program Files (x86)\IVI Foundation\VISA\WinNT\Bin\;C:\Program Files\IVI Foundation\VISA\Win64\Bin\;C:\Program Files (x86)\IVI Foundation\IVI\bin;C:\Program Files\IVI Foundation\IVI\bin;C:\Program Files (x86)\IVI Foundation\VISA\WinNT\Bin;C:\Program Files (x86)\Brackets\command;C:\Program Files\Git\cmd;C:\Users\ВАИПУ\AppData\Local\Microsoft\WindowsApps;C:\Program Files\Multipass\bin;C:\Users\ВАИПУ\AppData\Local\Programs\Fiddler;C:\Program Files\JetBrains\IntelliJ IDEA Community Edition 2020.3.3\bin;C:\Users\ВАИПУ\AppData\Local\Microsoft\WindowsApps;C:\Users\ВАИПУ\AppData\Local\GitHubDesktop\bin;C:\Users\ВАИПУ\AppData\Local\gitkraken\bin;."/>
    <property name="java.vm.info" value="mixed mode"/>
    <property name="java.vendor" value="Oracle Corporation"/>
    <property name="java.vm.version" value="25.271-b09"/>
    <property name="java.ext.dirs" value="C:\Program Files\Java\jdk1.8.0_271\jre\lib\ext;C:\WINDOWS\Sun\Java\lib\ext"/>
    <property name="sun.io.unicode.encoding" value="UnicodeLittle"/>
    <property name="java.class.version" value="52.0"/>
  </properties>
  <testcase name="loginWithBaseUserTest" classname="features.login.PositiveLoginTest" time="14.75">
    <error message="stale element reference: element is not attached to the page document&#10;  (Session info: chrome=91.0.4472.164)&#10;For documentation on this error, please visit: https://www.seleniumhq.org/exceptions/stale_element_reference.html&#10;Build info: version: &apos;3.141.59&apos;, revision: &apos;e82be7d358&apos;, time: &apos;2018-11-14T08:17:03&apos;&#10;System info: host: &apos;DESKTOP-UBVVRM2&apos;, ip: &apos;192.168.43.92&apos;, os.name: &apos;Windows 10&apos;, os.arch: &apos;amd64&apos;, os.version: &apos;10.0&apos;, java.version: &apos;1.8.0_271&apos;&#10;Driver info: org.openqa.selenium.chrome.ChromeDriver&#10;Capabilities {acceptInsecureCerts: false, browserName: chrome, browserVersion: 91.0.4472.164, chrome: {chromedriverVersion: 91.0.4472.101 (af52a90bf870..., userDataDir: C:\Users\19FB~1\AppData\Loc...}, goog:chromeOptions: {debuggerAddress: localhost:54120}, javascriptEnabled: true, networkConnectionEnabled: false, pageLoadStrategy: normal, platform: WINDOWS, platformName: WINDOWS, proxy: Proxy(), setWindowRect: true, strictFileInteractability: false, timeouts: {implicit: 0, pageLoad: 300000, script: 30000}, unhandledPromptBehavior: dismiss and notify, webauthn:extension:largeBlob: true, webauthn:virtualAuthenticators: true}&#10;Session ID: 534e19a7b7b4497870479165939a1708" type="org.openqa.selenium.StaleElementReferenceException">org.openqa.selenium.StaleElementReferenceException: 
stale element reference: element is not attached to the page document
  (Session info: chrome=91.0.4472.164)
For documentation on this error, please visit: https://www.seleniumhq.org/exceptions/stale_element_reference.html
Build info: version: '3.141.59', revision: 'e82be7d358', time: '2018-11-14T08:17:03'
System info: host: 'DESKTOP-UBVVRM2', ip: '192.168.43.92', os.name: 'Windows 10', os.arch: 'amd64', os.version: '10.0', java.version: '1.8.0_271'
Driver info: org.openqa.selenium.chrome.ChromeDriver
Capabilities {acceptInsecureCerts: false, browserName: chrome, browserVersion: 91.0.4472.164, chrome: {chromedriverVersion: 91.0.4472.101 (af52a90bf870..., userDataDir: C:\Users\19FB~1\AppData\Loc...}, goog:chromeOptions: {debuggerAddress: localhost:54120}, javascriptEnabled: true, networkConnectionEnabled: false, pageLoadStrategy: normal, platform: WINDOWS, platformName: WINDOWS, proxy: Proxy(), setWindowRect: true, strictFileInteractability: false, timeouts: {implicit: 0, pageLoad: 300000, script: 30000}, unhandledPromptBehavior: dismiss and notify, webauthn:extension:largeBlob: true, webauthn:virtualAuthenticators: true}
Session ID: 534e19a7b7b4497870479165939a1708
	at features.login.PositiveLoginTest.loginWithBaseUserTest(PositiveLoginTest.java:26)
</error>
    <system-out><![CDATA[========================= START LOG BROWSER =============
========================= END LOG BROWSER =============
]]></system-out>
    <system-err><![CDATA[[main] INFO io.github.bonigarcia.wdm.WebDriverManager - Using chromedriver 91.0.4472.101 (resolved driver for Chrome 91)
[main] INFO io.github.bonigarcia.wdm.WebDriverManager - Exporting webdriver.chrome.driver as C:\Users\ВАИПУ\.cache\selenium\chromedriver\win32\91.0.4472.101\chromedriver.exe
Starting ChromeDriver 91.0.4472.101 (af52a90bf87030dd1523486a1cd3ae25c5d76c9b-refs/branch-heads/4472@{#1462}) on port 9676
Only local connections are allowed.
Please see https://chromedriver.chromium.org/security-considerations for suggestions on keeping ChromeDriver safe.
ChromeDriver was started successfully.
июл 20, 2021 5:36:30 PM org.openqa.selenium.remote.ProtocolHandshake createSession
INFO: Detected dialect: W3C
июл 20, 2021 5:36:30 PM org.openqa.selenium.remote.RemoteWebDriver log
INFO: Executing: setTimeout [534e19a7b7b4497870479165939a1708, setTimeout {implicit=10000}]
июл 20, 2021 5:36:30 PM org.openqa.selenium.remote.RemoteWebDriver log
INFO: Executed: [534e19a7b7b4497870479165939a1708, setTimeout {implicit=10000}]
июл 20, 2021 5:36:30 PM org.openqa.selenium.remote.RemoteWebDriver log
INFO: Executing: maximizeCurrentWindow [534e19a7b7b4497870479165939a1708, maximizeCurrentWindow {}]
июл 20, 2021 5:36:30 PM org.openqa.selenium.remote.RemoteWebDriver log
INFO: Executed: [534e19a7b7b4497870479165939a1708, maximizeCurrentWindow {}]
июл 20, 2021 5:36:30 PM org.openqa.selenium.remote.RemoteWebDriver log
INFO: Executing: get [534e19a7b7b4497870479165939a1708, get {url=https://crm.geekbrains.space/user/login}]
июл 20, 2021 5:36:37 PM org.openqa.selenium.remote.RemoteWebDriver log
INFO: Executed: [534e19a7b7b4497870479165939a1708, get {url=https://crm.geekbrains.space/user/login}]
[main] INFO org.openqa.selenium.WebDriver - Перед поиском элемента path: By.cssSelector: input[id='prependedInput']
июл 20, 2021 5:36:37 PM org.openqa.selenium.remote.RemoteWebDriver log
INFO: Executing: findElement [534e19a7b7b4497870479165939a1708, findElement {using=css selector, value=input[id='prependedInput']}]
июл 20, 2021 5:36:37 PM org.openqa.selenium.remote.RemoteWebDriver log
INFO: Executed: [534e19a7b7b4497870479165939a1708, findElement {using=css selector, value=input[id='prependedInput']}]
июл 20, 2021 5:36:37 PM org.openqa.selenium.remote.RemoteWebDriver log
INFO: Executing: sendKeysToElement [534e19a7b7b4497870479165939a1708, sendKeysToElement {id=09499cfc-48e9-4147-b5f3-4a7167da730a, value=[Ljava.lang.CharSequence;@64dc86c6}]
июл 20, 2021 5:36:37 PM org.openqa.selenium.remote.RemoteWebDriver log
INFO: Executed: [534e19a7b7b4497870479165939a1708, sendKeysToElement {id=09499cfc-48e9-4147-b5f3-4a7167da730a, value=[Ljava.lang.CharSequence;@64dc86c6}]
[main] INFO org.openqa.selenium.WebDriver - Перед поиском элемента path: By.cssSelector: .span2[name='_password']
июл 20, 2021 5:36:37 PM org.openqa.selenium.remote.RemoteWebDriver log
INFO: Executing: findElement [534e19a7b7b4497870479165939a1708, findElement {using=css selector, value=.span2[name='_password']}]
июл 20, 2021 5:36:37 PM org.openqa.selenium.remote.RemoteWebDriver log
INFO: Executed: [534e19a7b7b4497870479165939a1708, findElement {using=css selector, value=.span2[name='_password']}]
июл 20, 2021 5:36:37 PM org.openqa.selenium.remote.RemoteWebDriver log
INFO: Executing: sendKeysToElement [534e19a7b7b4497870479165939a1708, sendKeysToElement {id=076d5194-3f67-407a-a863-5775ddd47f20, value=[Ljava.lang.CharSequence;@7de35070}]
июл 20, 2021 5:36:37 PM org.openqa.selenium.remote.RemoteWebDriver log
INFO: Executed: [534e19a7b7b4497870479165939a1708, sendKeysToElement {id=076d5194-3f67-407a-a863-5775ddd47f20, value=[Ljava.lang.CharSequence;@7de35070}]
[main] INFO org.openqa.selenium.WebDriver - Перед поиском элемента path: By.xpath: .//button[@name='_submit']
июл 20, 2021 5:36:37 PM org.openqa.selenium.remote.RemoteWebDriver log
INFO: Executing: findElement [534e19a7b7b4497870479165939a1708, findElement {using=xpath, value=.//button[@name='_submit']}]
июл 20, 2021 5:36:38 PM org.openqa.selenium.remote.RemoteWebDriver log
INFO: Executed: [534e19a7b7b4497870479165939a1708, findElement {using=xpath, value=.//button[@name='_submit']}]
июл 20, 2021 5:36:38 PM org.openqa.selenium.remote.RemoteWebDriver log
INFO: Executing: getElementTagName [534e19a7b7b4497870479165939a1708, getElementTagName {id=bab07355-b643-45f3-92a8-cb33546473df}]
июл 20, 2021 5:36:38 PM org.openqa.selenium.remote.RemoteWebDriver log
INFO: Executed: [534e19a7b7b4497870479165939a1708, getElementTagName {id=bab07355-b643-45f3-92a8-cb33546473df}]
июл 20, 2021 5:36:38 PM org.openqa.selenium.remote.RemoteWebDriver log
INFO: Executing: isElementEnabled [534e19a7b7b4497870479165939a1708, isElementEnabled {id=bab07355-b643-45f3-92a8-cb33546473df}]
июл 20, 2021 5:36:38 PM org.openqa.selenium.remote.RemoteWebDriver log
INFO: Executed: [534e19a7b7b4497870479165939a1708, isElementEnabled {id=bab07355-b643-45f3-92a8-cb33546473df}]
июл 20, 2021 5:36:38 PM org.openqa.selenium.remote.RemoteWebDriver log
INFO: Executing: isElementDisplayed [534e19a7b7b4497870479165939a1708, isElementDisplayed {id=bab07355-b643-45f3-92a8-cb33546473df}]
июл 20, 2021 5:36:38 PM org.openqa.selenium.remote.RemoteWebDriver log
INFO: Executed: [534e19a7b7b4497870479165939a1708, isElementDisplayed {id=bab07355-b643-45f3-92a8-cb33546473df}]
[main] INFO org.openqa.selenium.WebDriver - Before click on element with tagname = button, enabled = true, is_displayed = true 
июл 20, 2021 5:36:38 PM org.openqa.selenium.remote.RemoteWebDriver log
INFO: Executing: clickElement [534e19a7b7b4497870479165939a1708, clickElement {id=bab07355-b643-45f3-92a8-cb33546473df}]
июл 20, 2021 5:36:42 PM org.openqa.selenium.remote.RemoteWebDriver log
INFO: Executed: [534e19a7b7b4497870479165939a1708, clickElement {id=bab07355-b643-45f3-92a8-cb33546473df}]
июл 20, 2021 5:36:42 PM org.openqa.selenium.remote.RemoteWebDriver log
INFO: Executing: getElementTagName [534e19a7b7b4497870479165939a1708, getElementTagName {id=bab07355-b643-45f3-92a8-cb33546473df}]
июл 20, 2021 5:36:42 PM org.openqa.selenium.remote.RemoteWebDriver log
INFO: Executed: [534e19a7b7b4497870479165939a1708, getElementTagName {id=bab07355-b643-45f3-92a8-cb33546473df}]
июл 20, 2021 5:36:42 PM org.openqa.selenium.remote.RemoteWebDriver log
INFO: Executing: screenshot [534e19a7b7b4497870479165939a1708, screenshot {}]
июл 20, 2021 5:36:43 PM org.openqa.selenium.remote.RemoteWebDriver log
INFO: Executed: [534e19a7b7b4497870479165939a1708, screenshot {}]
[main] ERROR org.openqa.selenium.WebDriver - onException: Screenshot saved in target/failure-screenshot-1626791802870.png
июл 20, 2021 5:36:43 PM org.openqa.selenium.remote.RemoteWebDriver log
INFO: Executing: getLog [534e19a7b7b4497870479165939a1708, getLog {type=browser}]
июл 20, 2021 5:36:43 PM org.openqa.selenium.remote.RemoteWebDriver log
INFO: Executed: [534e19a7b7b4497870479165939a1708, getLog {type=browser}]
июл 20, 2021 5:36:43 PM org.openqa.selenium.remote.RemoteWebDriver log
INFO: Executing: quit [534e19a7b7b4497870479165939a1708, quit {}]
июл 20, 2021 5:36:43 PM org.openqa.selenium.remote.RemoteWebDriver log
INFO: Executed: [534e19a7b7b4497870479165939a1708, quit {}]
]]></system-err>
  </testcase>
  <testcase name="loginWithCookieTest" classname="features.login.PositiveLoginTest" time="10.975">
    <failure message="expected: &lt;https://crm.geekbrains.space/user/login&gt; but was: &lt;https://crm.geekbrains.space/&gt;" type="org.opentest4j.AssertionFailedError"><![CDATA[org.opentest4j.AssertionFailedError: expected: <https://crm.geekbrains.space/user/login> but was: <https://crm.geekbrains.space/>
	at features.login.PositiveLoginTest.loginWithCookieTest(PositiveLoginTest.java:43)
]]></failure>
    <system-out><![CDATA[========================= START LOG BROWSER =============
========================= END LOG BROWSER =============
]]></system-out>
    <system-err><![CDATA[Starting ChromeDriver 91.0.4472.101 (af52a90bf87030dd1523486a1cd3ae25c5d76c9b-refs/branch-heads/4472@{#1462}) on port 22952
Only local connections are allowed.
Please see https://chromedriver.chromium.org/security-considerations for suggestions on keeping ChromeDriver safe.
ChromeDriver was started successfully.
июл 20, 2021 5:36:44 PM org.openqa.selenium.remote.ProtocolHandshake createSession
INFO: Detected dialect: W3C
июл 20, 2021 5:36:44 PM org.openqa.selenium.remote.RemoteWebDriver log
INFO: Executing: setTimeout [63f75ff8048a0fa62093128a0a459c89, setTimeout {implicit=10000}]
июл 20, 2021 5:36:44 PM org.openqa.selenium.remote.RemoteWebDriver log
INFO: Executed: [63f75ff8048a0fa62093128a0a459c89, setTimeout {implicit=10000}]
июл 20, 2021 5:36:44 PM org.openqa.selenium.remote.RemoteWebDriver log
INFO: Executing: maximizeCurrentWindow [63f75ff8048a0fa62093128a0a459c89, maximizeCurrentWindow {}]
июл 20, 2021 5:36:45 PM org.openqa.selenium.remote.RemoteWebDriver log
INFO: Executed: [63f75ff8048a0fa62093128a0a459c89, maximizeCurrentWindow {}]
июл 20, 2021 5:36:45 PM org.openqa.selenium.remote.RemoteWebDriver log
INFO: Executing: get [63f75ff8048a0fa62093128a0a459c89, get {url=https://crm.geekbrains.space/user/login}]
июл 20, 2021 5:36:50 PM org.openqa.selenium.remote.RemoteWebDriver log
INFO: Executed: [63f75ff8048a0fa62093128a0a459c89, get {url=https://crm.geekbrains.space/user/login}]
июл 20, 2021 5:36:50 PM org.openqa.selenium.remote.RemoteWebDriver log
INFO: Executing: get [63f75ff8048a0fa62093128a0a459c89, get {url=https://crm.geekbrains.space/}]
июл 20, 2021 5:36:52 PM org.openqa.selenium.remote.RemoteWebDriver log
INFO: Executed: [63f75ff8048a0fa62093128a0a459c89, get {url=https://crm.geekbrains.space/}]
июл 20, 2021 5:36:52 PM org.openqa.selenium.remote.RemoteWebDriver log
INFO: Executing: addCookie [63f75ff8048a0fa62093128a0a459c89, addCookie {cookie=BAPID=c06ded2dea21a32e33f50811c141fa2d; path=/}]
июл 20, 2021 5:36:52 PM org.openqa.selenium.remote.RemoteWebDriver log
INFO: Executed: [63f75ff8048a0fa62093128a0a459c89, addCookie {cookie=BAPID=c06ded2dea21a32e33f50811c141fa2d; path=/}]
июл 20, 2021 5:36:52 PM org.openqa.selenium.remote.RemoteWebDriver log
INFO: Executing: get [63f75ff8048a0fa62093128a0a459c89, get {url=https://crm.geekbrains.space/}]
июл 20, 2021 5:36:54 PM org.openqa.selenium.remote.RemoteWebDriver log
INFO: Executed: [63f75ff8048a0fa62093128a0a459c89, get {url=https://crm.geekbrains.space/}]
июл 20, 2021 5:36:54 PM org.openqa.selenium.remote.RemoteWebDriver log
INFO: Executing: getCurrentUrl [63f75ff8048a0fa62093128a0a459c89, getCurrentUrl {}]
июл 20, 2021 5:36:54 PM org.openqa.selenium.remote.RemoteWebDriver log
INFO: Executed: [63f75ff8048a0fa62093128a0a459c89, getCurrentUrl {}]
июл 20, 2021 5:36:54 PM org.openqa.selenium.remote.RemoteWebDriver log
INFO: Executing: getLog [63f75ff8048a0fa62093128a0a459c89, getLog {type=browser}]
июл 20, 2021 5:36:54 PM org.openqa.selenium.remote.RemoteWebDriver log
INFO: Executed: [63f75ff8048a0fa62093128a0a459c89, getLog {type=browser}]
июл 20, 2021 5:36:54 PM org.openqa.selenium.remote.RemoteWebDriver log
INFO: Executing: quit [63f75ff8048a0fa62093128a0a459c89, quit {}]
июл 20, 2021 5:36:54 PM org.openqa.selenium.remote.RemoteWebDriver log
INFO: Executed: [63f75ff8048a0fa62093128a0a459c89, quit {}]
]]></system-err>
  </testcase>
</testsuite>